<?xml version="1.0" encoding="UTF-8"?>
<!-- Generated by org.testng.reporters.JUnitReportReporter -->
<testsuite hostname="DESKTOP-7OHRNB7" failures="0" tests="1" name="testCases.TC002_Login" time="12.620" errors="0" timestamp="2024-11-20T21:59:11 IST" skipped="0">
  <testcase classname="testCases.TC002_Login" name="verifyLogin" time="12.620"/>
</testsuite> <!-- testCases.TC002_Login -->
